<?xml version="1.0" encoding="UTF-8"?>
<testsuite name="hello.core.singleton.SingletonTest" tests="1" skipped="0" failures="0" errors="0" timestamp="2023-06-26T01:36:30" hostname="leehobinui-MacBookPro.local" time="0.024">
  <properties/>
  <testcase name="싱글톤 객체를 사용한 테스트" classname="hello.core.singleton.SingletonTest" time="0.024"/>
  <system-out><![CDATA[singletonService1 = hello.core.singleton.SingletonService@53fb3dab
singletonService2 = hello.core.singleton.SingletonService@53fb3dab
]]></system-out>
  <system-err><![CDATA[]]></system-err>
</testsuite>
