<?xml version="1.0" encoding="UTF-8"?>
<testsuite name="hello.core.order.OrderServiceTest" tests="1" skipped="0" failures="0" errors="0" timestamp="2023-06-21T05:44:40" hostname="leehobinui-MacBookPro.local" time="0.024">
  <properties/>
  <testcase name="order()" classname="hello.core.order.OrderServiceTest" time="0.024"/>
  <system-out><![CDATA[]]></system-out>
  <system-err><![CDATA[]]></system-err>
</testsuite>
