<?xml version="1.0" encoding="UTF-8"?>
<testsuite name="hello.core.autowired.AutowiredTest" tests="1" skipped="0" failures="0" errors="0" timestamp="2023-06-27T06:53:03" hostname="leehobinui-MacBookPro.local" time="0.004">
  <properties/>
  <testcase name="autowiredOption()" classname="hello.core.autowired.AutowiredTest" time="0.004"/>
  <system-out><![CDATA[member2 = null
member3 = Optional.empty
]]></system-out>
  <system-err><![CDATA[]]></system-err>
</testsuite>
