<?xml version="1.0" encoding="UTF-8"?>
<testsuite name="hello.core.scope.SingletonWithPrototypeTest" tests="1" skipped="0" failures="0" errors="0" timestamp="2023-06-30T02:17:36" hostname="leehobinui-MacBookPro.local" time="0.112">
  <properties/>
  <testcase name="singletonClientUsePrototype()" classname="hello.core.scope.SingletonWithPrototypeTest" time="0.112"/>
  <system-out><![CDATA[11:17:36.191 [Test worker] DEBUG org.springframework.context.annotation.AnnotationConfigApplicationContext - Refreshing org.springframework.context.annotation.AnnotationConfigApplicationContext@70e38ce1
11:17:36.196 [Test worker] DEBUG org.springframework.beans.factory.support.DefaultListableBeanFactory - Creating shared instance of singleton bean 'org.springframework.context.annotation.internalConfigurationAnnotationProcessor'
11:17:36.205 [Test worker] DEBUG org.springframework.beans.factory.support.DefaultListableBeanFactory - Creating shared instance of singleton bean 'org.springframework.context.event.internalEventListenerProcessor'
11:17:36.206 [Test worker] DEBUG org.springframework.beans.factory.support.DefaultListableBeanFactory - Creating shared instance of singleton bean 'org.springframework.context.event.internalEventListenerFactory'
11:17:36.206 [Test worker] DEBUG org.springframework.beans.factory.support.DefaultListableBeanFactory - Creating shared instance of singleton bean 'org.springframework.context.annotation.internalAutowiredAnnotationProcessor'
11:17:36.207 [Test worker] DEBUG org.springframework.beans.factory.support.DefaultListableBeanFactory - Creating shared instance of singleton bean 'org.springframework.context.annotation.internalCommonAnnotationProcessor'
11:17:36.210 [Test worker] DEBUG org.springframework.beans.factory.support.DefaultListableBeanFactory - Creating shared instance of singleton bean 'singletonWithPrototypeTest.SingletonBean'
PrototypeBean.inithello.core.scope.SingletonWithPrototypeTest$PrototypeBean@542e560f
11:17:36.215 [Test worker] DEBUG org.springframework.beans.factory.support.DefaultListableBeanFactory - Autowiring by type from bean name 'singletonWithPrototypeTest.SingletonBean' via constructor to bean named 'singletonWithPrototypeTest.PrototypeBean'
1
2
]]></system-out>
  <system-err><![CDATA[]]></system-err>
</testsuite>
