<?xml version="1.0" encoding="UTF-8"?>
<testsuite name="hello.core.autowired.AutowiredTest" tests="1" skipped="0" failures="0" errors="0" timestamp="2023-06-27T02:31:46" hostname="leehobinui-MacBookPro.local" time="0.102">
  <properties/>
  <testcase name="autowiredOption()" classname="hello.core.autowired.AutowiredTest" time="0.102"/>
  <system-out><![CDATA[11:31:46.302 [Test worker] DEBUG org.springframework.context.annotation.AnnotationConfigApplicationContext - Refreshing org.springframework.context.annotation.AnnotationConfigApplicationContext@3f1d2e23
11:31:46.309 [Test worker] DEBUG org.springframework.beans.factory.support.DefaultListableBeanFactory - Creating shared instance of singleton bean 'org.springframework.context.annotation.internalConfigurationAnnotationProcessor'
11:31:46.323 [Test worker] DEBUG org.springframework.beans.factory.support.DefaultListableBeanFactory - Creating shared instance of singleton bean 'org.springframework.context.event.internalEventListenerProcessor'
11:31:46.326 [Test worker] DEBUG org.springframework.beans.factory.support.DefaultListableBeanFactory - Creating shared instance of singleton bean 'org.springframework.context.event.internalEventListenerFactory'
11:31:46.327 [Test worker] DEBUG org.springframework.beans.factory.support.DefaultListableBeanFactory - Creating shared instance of singleton bean 'org.springframework.context.annotation.internalAutowiredAnnotationProcessor'
11:31:46.327 [Test worker] DEBUG org.springframework.beans.factory.support.DefaultListableBeanFactory - Creating shared instance of singleton bean 'org.springframework.context.annotation.internalCommonAnnotationProcessor'
11:31:46.331 [Test worker] DEBUG org.springframework.beans.factory.support.DefaultListableBeanFactory - Creating shared instance of singleton bean 'autowiredTest.TestBean'
member2 = null
member3 = Optional.empty
]]></system-out>
  <system-err><![CDATA[]]></system-err>
</testsuite>
