<?xml version="1.0" encoding="UTF-8"?>
<testsuite name="hello.core.scope.SingletonWithPrototypeTest" tests="1" skipped="0" failures="0" errors="0" timestamp="2023-06-30T03:08:24" hostname="leehobinui-MacBookPro.local" time="0.134">
  <properties/>
  <testcase name="singletonClientUsePrototype()" classname="hello.core.scope.SingletonWithPrototypeTest" time="0.134"/>
  <system-out><![CDATA[12:08:24.099 [Test worker] DEBUG org.springframework.context.annotation.AnnotationConfigApplicationContext - Refreshing org.springframework.context.annotation.AnnotationConfigApplicationContext@70e38ce1
12:08:24.106 [Test worker] DEBUG org.springframework.beans.factory.support.DefaultListableBeanFactory - Creating shared instance of singleton bean 'org.springframework.context.annotation.internalConfigurationAnnotationProcessor'
12:08:24.115 [Test worker] DEBUG org.springframework.beans.factory.support.DefaultListableBeanFactory - Creating shared instance of singleton bean 'org.springframework.context.event.internalEventListenerProcessor'
12:08:24.116 [Test worker] DEBUG org.springframework.beans.factory.support.DefaultListableBeanFactory - Creating shared instance of singleton bean 'org.springframework.context.event.internalEventListenerFactory'
12:08:24.117 [Test worker] DEBUG org.springframework.beans.factory.support.DefaultListableBeanFactory - Creating shared instance of singleton bean 'org.springframework.context.annotation.internalAutowiredAnnotationProcessor'
12:08:24.117 [Test worker] DEBUG org.springframework.beans.factory.support.DefaultListableBeanFactory - Creating shared instance of singleton bean 'org.springframework.context.annotation.internalCommonAnnotationProcessor'
12:08:24.121 [Test worker] DEBUG org.springframework.beans.factory.support.DefaultListableBeanFactory - Creating shared instance of singleton bean 'singletonWithPrototypeTest.SingletonBean'
PrototypeBean.inithello.core.scope.SingletonWithPrototypeTest$PrototypeBean@119020fb
PrototypeBean.inithello.core.scope.SingletonWithPrototypeTest$PrototypeBean@3d9f6567
]]></system-out>
  <system-err><![CDATA[]]></system-err>
</testsuite>
