<?xml version="1.0" encoding="UTF-8"?>
<testsuite name="hello.core.scan.filter.ComponentFilterAppConfigTest" tests="1" skipped="0" failures="0" errors="0" timestamp="2023-06-27T06:53:03" hostname="leehobinui-MacBookPro.local" time="0.004">
  <properties/>
  <testcase name="componentFilter()" classname="hello.core.scan.filter.ComponentFilterAppConfigTest" time="0.004"/>
  <system-out><![CDATA[]]></system-out>
  <system-err><![CDATA[]]></system-err>
</testsuite>
