<?xml version="1.0" encoding="UTF-8"?>
<testsuite name="hello.core.beanfind.ApplicationContextSameBeanFindTest" tests="1" skipped="0" failures="0" errors="0" timestamp="2023-06-23T05:01:38" hostname="leehobinui-MacBookPro.local" time="0.028">
  <properties/>
  <testcase name="타입으로 모두 조회하기" classname="hello.core.beanfind.ApplicationContextSameBeanFindTest" time="0.028"/>
  <system-out><![CDATA[14:01:38.356 [Test worker] DEBUG org.springframework.context.annotation.AnnotationConfigApplicationContext - Refreshing org.springframework.context.annotation.AnnotationConfigApplicationContext@5f9edf14
14:01:38.362 [Test worker] DEBUG org.springframework.beans.factory.support.DefaultListableBeanFactory - Creating shared instance of singleton bean 'org.springframework.context.annotation.internalConfigurationAnnotationProcessor'
14:01:38.408 [Test worker] DEBUG org.springframework.beans.factory.support.DefaultListableBeanFactory - Creating shared instance of singleton bean 'org.springframework.context.event.internalEventListenerProcessor'
14:01:38.409 [Test worker] DEBUG org.springframework.beans.factory.support.DefaultListableBeanFactory - Creating shared instance of singleton bean 'org.springframework.context.event.internalEventListenerFactory'
14:01:38.410 [Test worker] DEBUG org.springframework.beans.factory.support.DefaultListableBeanFactory - Creating shared instance of singleton bean 'org.springframework.context.annotation.internalAutowiredAnnotationProcessor'
14:01:38.411 [Test worker] DEBUG org.springframework.beans.factory.support.DefaultListableBeanFactory - Creating shared instance of singleton bean 'org.springframework.context.annotation.internalCommonAnnotationProcessor'
14:01:38.414 [Test worker] DEBUG org.springframework.beans.factory.support.DefaultListableBeanFactory - Creating shared instance of singleton bean 'applicationContextSameBeanFindTest.sameBeanConfig'
14:01:38.415 [Test worker] DEBUG org.springframework.beans.factory.support.DefaultListableBeanFactory - Creating shared instance of singleton bean 'memberRepository1'
14:01:38.421 [Test worker] DEBUG org.springframework.beans.factory.support.DefaultListableBeanFactory - Creating shared instance of singleton bean 'memberRepository2'
key memberRepository1 memberRepository = hello.core.member.MemoryMemberRepository@56f6d40b
key memberRepository2 memberRepository = hello.core.member.MemoryMemberRepository@36676c1a
beansOfType = {memberRepository1=hello.core.member.MemoryMemberRepository@56f6d40b, memberRepository2=hello.core.member.MemoryMemberRepository@36676c1a}
]]></system-out>
  <system-err><![CDATA[]]></system-err>
</testsuite>
