<?xml version="1.0" encoding="UTF-8"?>
<testsuite name="hello.core.singleton.ConfigurationSingletonTest" tests="1" skipped="0" failures="0" errors="0" timestamp="2023-06-27T06:53:03" hostname="leehobinui-MacBookPro.local" time="0.0">
  <properties/>
  <testcase name="멤버 리포지토리 객체 싱글톤 확인" classname="hello.core.singleton.ConfigurationSingletonTest" time="0.0"/>
  <system-out><![CDATA[]]></system-out>
  <system-err><![CDATA[]]></system-err>
</testsuite>
