<?xml version="1.0" encoding="UTF-8"?>
<testsuite name="hello.core.singleton.SingletonTest" tests="3" skipped="0" failures="0" errors="0" timestamp="2023-06-27T06:53:03" hostname="leehobinui-MacBookPro.local" time="0.003">
  <properties/>
  <testcase name="스프링이 없는 순순한 DI 컨테이너" classname="hello.core.singleton.SingletonTest" time="0.0"/>
  <testcase name="싱글톤과 스프링 컨테이너" classname="hello.core.singleton.SingletonTest" time="0.002"/>
  <testcase name="싱글톤 객체를 사용한 테스트" classname="hello.core.singleton.SingletonTest" time="0.001"/>
  <system-out><![CDATA[singletonService1 = hello.core.singleton.SingletonService@79696332
singletonService2 = hello.core.singleton.SingletonService@79696332
]]></system-out>
  <system-err><![CDATA[]]></system-err>
</testsuite>
